
2019-11-12 01:07:53,416 - INFO - Cycle 0...
2019-11-12 01:08:03,611 - WARNING - Cannot retrieve OfficeWidget: ServerNotFoundError
2019-11-12 01:08:13,912 - WARNING - Cannot retrieve OfficeWidget: ServerNotFoundError
2019-11-12 01:08:23,975 - WARNING - Cannot retrieve CommuteWidget: TransportError
2019-11-12 01:08:23,996 - WARNING - Cannot query Tado: ConnectionError
2019-11-12 01:08:24,020 - WARNING - Cannot query Tado: ConnectionError
2019-11-12 01:08:24,044 - WARNING - Cannot query Tado: ConnectionError
2019-11-12 01:08:24,068 - WARNING - Cannot query Tado: ConnectionError
2019-11-12 01:08:24,091 - WARNING - Cannot query Tado: ConnectionError
2019-11-12 01:08:24,115 - WARNING - Cannot query Tado: ConnectionError
2019-11-12 01:08:24,141 - WARNING - Cannot retrieve SmogWidget: ConnectionError
2019-11-12 01:08:24,171 - ERROR - Crashed in Cycle 0.
Traceback (most recent call last):
  File "/home/pi/share/waveshare/sattelaecker/quietpaper/controller.py", line 75, in loop
    self.cycle(cycle)
  File "/home/pi/share/waveshare/sattelaecker/quietpaper/controller.py", line 63, in cycle
    widget.render(self.display, cycle)
  File "/home/pi/share/waveshare/sattelaecker/quietpaper/widgets/trashday.py", line 42, in render
    if soon:
NameError: name 'soon' is not defined
2019-11-12 01:08:33,075 - INFO - Cycle 0...
2019-11-12 01:08:43,276 - WARNING - Cannot retrieve OfficeWidget: ServerNotFoundError
2019-11-12 01:08:53,575 - WARNING - Cannot retrieve OfficeWidget: ServerNotFoundError
2019-11-12 01:09:03,642 - WARNING - Cannot retrieve CommuteWidget: TransportError
2019-11-12 01:09:13,683 - WARNING - Cannot query Tado: ConnectionError
2019-11-12 01:09:23,720 - WARNING - Cannot query Tado: ConnectionError
2019-11-12 01:09:33,758 - WARNING - Cannot query Tado: ConnectionError
2019-11-12 01:09:43,796 - WARNING - Cannot query Tado: ConnectionError
2019-11-12 01:10:59,848 - INFO - Cycle 0...
2019-11-12 01:11:10,045 - WARNING - Cannot retrieve OfficeWidget: ServerNotFoundError
2019-11-12 01:11:20,337 - WARNING - Cannot retrieve OfficeWidget: ServerNotFoundError
2019-11-12 01:11:30,403 - WARNING - Cannot retrieve CommuteWidget: TransportError
2019-11-12 01:11:40,438 - WARNING - Cannot query Tado: ConnectionError
2019-11-12 01:11:50,468 - WARNING - Cannot query Tado: ConnectionError
2019-11-12 01:12:00,505 - WARNING - Cannot query Tado: ConnectionError
2019-11-12 01:12:10,539 - WARNING - Cannot query Tado: ConnectionError
2019-11-12 01:12:20,577 - WARNING - Cannot query Tado: ConnectionError
2019-11-12 01:12:30,613 - WARNING - Cannot query Tado: ConnectionError
2019-11-12 01:12:40,653 - WARNING - Cannot retrieve SmogWidget: ConnectionError
2019-11-12 01:13:00,776 - WARNING - Cannot retrieve WeatherWidget: ConnectionError
2019-11-12 01:13:12,781 - WARNING - Cannot retrieve CalWidget: ServerNotFoundError
2019-11-12 01:13:23,047 - WARNING - Cannot update image on GdriveScreen: ServerNotFoundError
2019-11-12 01:14:07,336 - INFO - Took 187 seconds
2019-11-12 01:14:07,338 - INFO - Cycle 1...
2019-11-12 01:14:17,595 - INFO - Took 10 seconds
2019-11-12 01:15:07,649 - INFO - Cycle 2...
2019-11-12 01:15:19,193 - INFO - Took 11 seconds
2019-11-12 01:16:08,244 - INFO - Cycle 3...
2019-11-12 01:16:18,520 - INFO - Took 10 seconds
2019-11-12 01:17:08,572 - INFO - Cycle 4...
2019-11-12 01:17:18,929 - INFO - Took 10 seconds
2019-11-12 01:18:08,981 - INFO - Cycle 5...
2019-11-12 01:20:36,236 - INFO - Took 147 seconds
2019-11-12 01:20:36,244 - INFO - Cycle 6...
2019-11-12 01:22:46,172 - INFO - Took 129 seconds
2019-11-12 01:22:46,174 - INFO - Cycle 7...
2019-11-12 01:24:59,353 - INFO - Took 133 seconds
2019-11-12 01:24:59,354 - INFO - Cycle 8...
2019-11-12 01:27:12,410 - INFO - Took 133 seconds
2019-11-12 01:27:12,411 - INFO - Cycle 9...
2019-11-12 01:29:25,531 - INFO - Took 133 seconds
2019-11-12 01:29:25,533 - INFO - Cycle 10...
2019-11-12 01:31:47,426 - INFO - Took 141 seconds
2019-11-12 01:31:47,427 - INFO - Cycle 11...
2019-11-12 01:33:56,888 - INFO - Took 129 seconds
2019-11-12 01:33:56,892 - INFO - Cycle 12...
